Arguments: 
  C:\Program Files\nodejs\node.exe C:\Users\ZVA-PC\AppData\Roaming\npm\node_modules\yarn\bin\yarn.js

PATH: 
  C:\Program Files\Common Files\Oracle\Java\javapath;C:\Users\ZVA-PC\AppData\Local\Yarn\bin;C:\Program Files\MongoDB\Server\6.0\bin;C:\Windows\system32;C:\Windows;C:\Windows\System32\Wbem;C:\Windows\System32\WindowsPowerShell\v1.0\;C:\Windows\System32\OpenSSH\;C:\ProgramData\chocolatey\bin;C:\Program Files\Microsoft SQL Server\Client SDK\ODBC\110\Tools\Binn\;C:\Program Files (x86)\Microsoft SQL Server\120\Tools\Binn\;C:\Program Files\Microsoft SQL Server\120\Tools\Binn\;C:\Program Files\Microsoft SQL Server\120\DTS\Binn\;C:\Program Files (x86)\Windows Kits\8.1\Windows Performance Toolkit\;C:\Program Files\Git\cmd;C:\Program Files\MySQL\MySQL Server 8.0\bin;C:\ProgramData\Microsoft\Windows\Start Menu\Programs\apache-maven-3.5.4\bin;C:\Program Files\nodejs\;C:\Program Files\Docker\Docker\resources\bin;C:\Python311\Scripts;C:\Users\ZVA-PC\AppData\Local\Microsoft\WindowsApps;C:\Users\ZVA-PC\AppData\Local\Programs\Microsoft VS Code\bin;C:\Program Files\JetBrains\WebStorm 2022.2\bin;;C:\Program Files\JetBrains\IntelliJ IDEA 2022.2.3\bin;;C:\Users\ZVA-PC\AppData\Local\Yarn\bin;C:\Users\ZVA-PC\AppData\Roaming\npm

Yarn version: 
  1.22.19

Node version: 
  18.13.0

Platform: 
  win32 x64

Trace: 
  Error: https://registry.yarnpkg.com/@builder.io%2ftalk-app-svelte: Not found
      at params.callback [as _callback] (C:\Users\ZVA-PC\AppData\Roaming\npm\node_modules\yarn\lib\cli.js:66145:18)
      at self.callback (C:\Users\ZVA-PC\AppData\Roaming\npm\node_modules\yarn\lib\cli.js:140890:22)
      at Request.emit (node:events:513:28)
      at Request.<anonymous> (C:\Users\ZVA-PC\AppData\Roaming\npm\node_modules\yarn\lib\cli.js:141862:10)
      at Request.emit (node:events:513:28)
      at IncomingMessage.<anonymous> (C:\Users\ZVA-PC\AppData\Roaming\npm\node_modules\yarn\lib\cli.js:141784:12)
      at Object.onceWrapper (node:events:627:28)
      at IncomingMessage.emit (node:events:525:35)
      at endReadableNT (node:internal/streams/readable:1359:12)
      at process.processTicksAndRejections (node:internal/process/task_queues:82:21)

npm manifest: 
  {
    "name": "@builder.io/talk-svelte-server",
    "private": true,
    "scripts": {
      "clean": "rimraf dist",
      "build": "yarn run check && vite build",
      "check": "svelte-check --tsconfig ./tsconfig.json",
      "dev": "vite",
      "serve": "vite preview"
    },
    "dependencies": {
      "@builder.io/talk-app-svelte": "workspace:*"
    },
    "devDependencies": {
      "@sveltejs/vite-plugin-svelte": "^1.0.0-next.49",
      "@tsconfig/svelte": "^3.0.0",
      "rimraf": "^3.0.2",
      "svelte": "^3.48.0",
      "svelte-check": "^2.8.0",
      "svelte-preprocess": "^5.0.3",
      "tslib": "^2.4.0",
      "typescript": "^4.8.4",
      "vite": "^3.2.2"
    }
  }

yarn manifest: 
  No manifest

Lockfile: 
  No lockfile
